n/IMG_20230224_221502_jpg.rf.95c6f28515078a27e0bab7ba885f8d29.jpg
n/IMG_20230225_185416_jpg.rf.2dfb9406f3273871e876e2799a79f994.jpg
n/IMG_20230225_185416_jpg.rf.6ddfba172e3ccf5e3f1dfaf64ac9a710.jpg
n/IMG_20230225_185416_jpg.rf.c80cd30f7fba1a25eaf9ab6e86de34dc.jpg
n/IMG_20230225_185417_1_jpg.rf.5e24854cd2d4677f38ef6ff8fa9be7b6.jpg
n/IMG_20230225_185417_1_jpg.rf.9d3704d5d3ebfab51a316429d5723a86.jpg
n/IMG_20230225_185417_1_jpg.rf.c90e5e7598f0fae7ecf62bc2c9376acb.jpg
n/IMG_20230225_185423_jpg.rf.3eb722ad8d27f2ba9abcf347dd87abe0.jpg
n/IMG_20230225_185423_jpg.rf.4e9dc06567eef05b8802ffac5bcde3db.jpg
n/IMG_20230225_185423_jpg.rf.e9f6baf3731e003202aabd7ac603c536.jpg
n/IMG_20230225_185425_jpg.rf.830eecc5519599b64e51a817e79e2a04.jpg
n/IMG_20230225_185425_jpg.rf.b42bcba9439f8e20e75510ad2a2e003a.jpg
n/IMG_20230225_185425_jpg.rf.e379874cd1c416a998b9abd98e7d0eec.jpg
n/IMG_20230225_191122_jpg.rf.01b6222632869feee0db85571922fbe6.jpg
n/IMG_20230225_191122_jpg.rf.4d5042b28d80320a114f90294b9d2e09.jpg
n/IMG_20230225_191122_jpg.rf.d10339db6e5bddefee28a8760c318287.jpg
n/IMG_20230225_191130_jpg.rf.0919d672ef2de50eaedf9fab6b7ebe30.jpg
n/IMG_20230225_191130_jpg.rf.7bac1043a09d95dbd922e5be4fdc44b0.jpg
n/IMG_20230225_191130_jpg.rf.c39bd3ce41fe7026f1f5c2fcdef3c6b8.jpg
n/IMG_20230225_191142_jpg.rf.5dfb754c8468686f05ddad5287c75cc6.jpg
n/IMG_20230225_191142_jpg.rf.b1a9915598a937f527767a70196da204.jpg
n/IMG_20230225_191142_jpg.rf.b59be9d2a8da086f5dd37d2695dddf4b.jpg
n/IMG_20230225_192003_jpg.rf.23b237889c3fdb02b78e9e5c988135b7.jpg
n/IMG_20230225_192003_jpg.rf.80b9acfd9cc3d3463883454a40d2eab0.jpg
n/IMG_20230225_192003_jpg.rf.9818a061edaa699c261e263e7d006f9d.jpg
n/IMG_20230225_192009_jpg.rf.5a6d969244ac500e103918abafeafb3b.jpg
n/IMG_20230225_192009_jpg.rf.e924dbcf7359cbfb8409fc0c371250e7.jpg
n/IMG_20230225_192009_jpg.rf.f46878e6f80cb0f245b9b07c0a5b8b71.jpg
n/WIN_20230209_14_56_11_Pro-Copy_jpg.rf.6f155d1f710c650f138cf5eea144d308.jpg
n/WIN_20230209_14_56_11_Pro-Copy_jpg.rf.bfcb4bca9c267684c39ff0550e1f1272.jpg
n/WIN_20230209_14_56_11_Pro-Copy_jpg.rf.db65a568cc4f592de1fe61b63ac46874.jpg
n/WIN_20230209_14_57_08_Pro-Copy_jpg.rf.551bd74bf05f92f5a0a18c5b7cfb368a.jpg
n/WIN_20230209_14_57_08_Pro-Copy_jpg.rf.71d238b7b075a48f805fe6e8c51f509b.jpg
n/WIN_20230209_14_57_08_Pro-Copy_jpg.rf.a2d5a8c546f29a423f99c972dab025f5.jpg
n/WIN_20230209_14_58_19_Pro-Copy_jpg.rf.914be414df00686f61527bea97599936.jpg
n/WIN_20230209_14_58_19_Pro-Copy_jpg.rf.b08d34aeed37f6ef548b8e1c67a45506.jpg
n/WIN_20230209_14_58_19_Pro-Copy_jpg.rf.e292682e38cb95b5f1587131abc5b87c.jpg
n/WIN_20230209_15_44_53_Pro-Copy_jpg.rf.18f2b9d73d984ae93babee4bd303c9e1.jpg
n/WIN_20230209_15_44_53_Pro-Copy_jpg.rf.561891efb429da56d7b2b34854e3c4c3.jpg
n/WIN_20230209_15_44_53_Pro-Copy_jpg.rf.b285129a4b1b0daed4154187abc6887a.jpg
n/WIN_20230209_15_45_29_Pro-Copy_jpg.rf.1e89e1ba071655d888cf2450ec764d5a.jpg
n/WIN_20230209_15_45_29_Pro-Copy_jpg.rf.9eea18758afb54937854d3fbde58b463.jpg
n/WIN_20230209_15_45_29_Pro-Copy_jpg.rf.bcad1b0b20ccec08023fe2fc98c22489.jpg
n/WIN_20230209_15_45_31_Pro-Copy_jpg.rf.b7859525034dfc345ea3e9851d416aff.jpg
n/WIN_20230209_15_45_31_Pro-Copy_jpg.rf.b83a87302d8e599d9dfd660684e0f04c.jpg
n/WIN_20230209_15_46_30_Pro-Copy_jpg.rf.003dacbb49bfd60bcef64e71111659b4.jpg
n/WIN_20230209_15_46_30_Pro-Copy_jpg.rf.195d5e443c30166ab62ed2f9ff6bdc34.jpg
n/WIN_20230209_15_46_30_Pro-Copy_jpg.rf.7129a4eef864bbe9a1d57c1d3ac4bb62.jpg
n/WIN_20230209_15_46_35_Pro-Copy_jpg.rf.0ec6aed8fe7ede7c29046130093fba9d.jpg
n/WIN_20230209_15_46_35_Pro-Copy_jpg.rf.4e88af7f1f7eabc84e4736ebae25dd35.jpg
n/WIN_20230209_15_46_35_Pro-Copy_jpg.rf.d8ca102bb9a9268eb7baf468eefdaf04.jpg
n/WIN_20230209_15_46_40_Pro-Copy_jpg.rf.1e5db35b1cc048dce89055b6b5aa6724.jpg
n/WIN_20230209_15_46_40_Pro-Copy_jpg.rf.8808997e7e374b4f7a7124a439d846fa.jpg
n/WIN_20230209_15_46_40_Pro-Copy_jpg.rf.b88a4f6f1e782cf6e81937a4a8a98a6b.jpg
n/WIN_20230209_15_47_37_Pro-Copy_jpg.rf.9412143f7532d55ebab96cfeb25fbf1e.jpg
n/WIN_20230209_15_47_37_Pro-Copy_jpg.rf.d34af68a8389d5f0abd1d9e560ed47fa.jpg
n/WIN_20230209_15_47_37_Pro-Copy_jpg.rf.e21e10bbda1f0df3e57ae27cac2d2ccc.jpg
n/WIN_20230209_15_48_28_Pro_jpg.rf.4013bc71659aebbaece9375e05384f9b.jpg
n/WIN_20230209_15_48_28_Pro_jpg.rf.8c5325a59ca3904a3eca2b82ec98dad9.jpg
n/WIN_20230209_15_48_28_Pro_jpg.rf.fb74e1be79c97919ab7ef90e9a822497.jpg
n/WIN_20230209_15_48_43_Pro_jpg.rf.363c78d3d7f7545dfea16695142b3517.jpg
n/WIN_20230209_15_48_43_Pro_jpg.rf.376254abecd28db6ca138f4bf0d854b5.jpg
n/WIN_20230209_15_48_43_Pro_jpg.rf.dabc670ed0f72d3e075708bb56b82efb.jpg
n/WIN_20230209_15_49_21_Pro_jpg.rf.c998758cb05157ac4522c7b42e9f9c68.jpg
n/WIN_20230209_15_49_21_Pro_jpg.rf.d8af351ac9ada044df1f8d7e2f59154c.jpg
n/WIN_20230209_15_49_21_Pro_jpg.rf.fee3ec465971d8e794bc92c52ff778bb.jpg
n/WIN_20230209_15_50_54_Pro_jpg.rf.adeaca6a1255672c71a034e4380047c3.jpg
n/WIN_20230209_15_50_54_Pro_jpg.rf.ce881aff8d2a209e7127eb7212adc6e6.jpg
n/WIN_20230209_15_50_54_Pro_jpg.rf.dacfa08ff387e981649f53c91d0f627a.jpg
n/IMG_20221018_151407_jpg.rf.0cf4b946a6adc6048ea59ff9c3448654.jpg
n/IMG_20221018_151407_jpg.rf.c48b601c8bde2ebf01b0bbde2d5ee50c.jpg
n/IMG_20221018_151407_jpg.rf.e81818a611975f479236dcc56f5d9c63.jpg
n/IMG_20221018_151431_jpg.rf.193f012eafb20b74f54c1bfc1bf841b9.jpg
n/IMG_20221018_151431_jpg.rf.3f3787f7e08b84f8705307ada03cb28d.jpg
n/IMG_20221018_151431_jpg.rf.b76befb19cd26a3c86a703ad09bf6f04.jpg
n/IMG_20221018_151432_jpg.rf.09b3b624d68b69af59f680eb2a772ed8.jpg
n/IMG_20221018_151432_jpg.rf.6bda5057044913100fc9a66b830446f7.jpg
n/IMG_20221018_151432_jpg.rf.c188b52006ef883a6164937a17dc66b7.jpg
n/IMG_20221018_151438_jpg.rf.7242696d2131cfce2d315d1f95b8f2e3.jpg
n/IMG_20221018_151438_jpg.rf.82ce1c2e7e5c01c6e8d3306747315dd7.jpg
n/IMG_20221018_151438_jpg.rf.c3eff2b2e370a1b5caea065f5b11ebc3.jpg
n/IMG_20221018_151440_jpg.rf.145c818c715c6bc496428cc0fd653341.jpg
n/IMG_20221018_151440_jpg.rf.3595f1657a1e03769e0a3a788d2b42d1.jpg
n/IMG_20221018_151440_jpg.rf.7024952db239f196f51e9452811d4ba1.jpg
n/IMG_20221018_151441_jpg.rf.bc4f69ac83d90ae8c2215f7c052b9f14.jpg
n/IMG_20221018_151441_jpg.rf.e7a4f12e157ce3c533756ef99dffa555.jpg
n/IMG_20221018_151441_jpg.rf.f66c65f2d5a14a77cca6fa71547d139c.jpg
n/IMG_20221018_151520_jpg.rf.0376ac037b54a46e3d5aa50abae105b0.jpg
n/IMG_20221018_151520_jpg.rf.6fd22a7de19740e9067254a35c31a938.jpg
n/IMG_20221018_151520_jpg.rf.759c7606184926ffbec40a82d2e87637.jpg
n/IMG_20221018_151525_jpg.rf.75507b3b5e0d389905760b4568e8a892.jpg
n/IMG_20221018_151525_jpg.rf.79b408c847256a5889cb06e933d72443.jpg
n/IMG_20221018_151525_jpg.rf.9bf6cf545530e57701dc3481c7499e3c.jpg
n/IMG_20221018_151526_jpg.rf.0b07f5866225714b61466775021e634e.jpg
n/IMG_20221018_151526_jpg.rf.cb1a8454b28fe37e23286e9acb403fca.jpg
n/IMG_20221018_151526_jpg.rf.d7f6d7aa54495863345b7092493bb009.jpg
n/IMG_20221018_151527_jpg.rf.0a9e0eab34194467d18f2de1a8b529f4.jpg
n/IMG_20221018_151527_jpg.rf.11ace800159139da4a4bb80aef0c0d4e.jpg
n/IMG_20221018_151527_jpg.rf.db206258341b4090a989df7c443b181d.jpg
n/IMG_20221018_151528_jpg.rf.1fb709fd8e6079e3ba01333117896431.jpg
n/IMG_20221018_151528_jpg.rf.377b6bc54a547bdc388df290a692915b.jpg
n/IMG_20221018_151528_jpg.rf.e7423e60b99c20f3f65ef810a6c617b3.jpg
n/IMG_20221018_151554_jpg.rf.7bd6f04ad9238a0e6c24537d49a06be1.jpg
n/IMG_20221018_151554_jpg.rf.8f4b280009a515413c3a7d8b01d9ed61.jpg
n/IMG_20221018_151554_jpg.rf.9b2973614c8a39fa4dc716bd19a78832.jpg
n/IMG_20221018_151555_jpg.rf.1326af961e45dcc1d80bea713f946a86.jpg
n/IMG_20221018_151555_jpg.rf.26326220925c04b7e910d39ed9df45b7.jpg
n/IMG_20221018_151555_jpg.rf.e3bf4d505ec10fde4353ef250fa777c8.jpg
n/IMG_20221018_151556_jpg.rf.35f77af788a24b8b6d464e33c5cda0a1.jpg
n/IMG_20221018_151556_jpg.rf.4ff2bed9a0e8b7e9a294e60e7a47d5df.jpg
n/IMG_20221018_151556_jpg.rf.c3f6ba9d31e5a347cedf641adb9bfd85.jpg
n/IMG_20221018_151646_jpg.rf.370b6cfe9588d9512b40c9891d4f064d.jpg
n/IMG_20221018_151646_jpg.rf.3a560e8781463ed539f7164cd9bedbd4.jpg
n/IMG_20221018_151646_jpg.rf.f1f4aab053cc2d3d7fa4da41a27b6d38.jpg
n/IMG_20221018_151721_1_jpg.rf.3266b32079c7c58f8722beabb9b494bd.jpg
n/IMG_20221018_151721_1_jpg.rf.c7b21ac0901f5a85723c5dc371c45aca.jpg
n/IMG_20221018_151721_1_jpg.rf.eb3fb7840c4e6cd39747ea623d1428aa.jpg
n/IMG_20221018_151722_jpg.rf.36fd5deda309bf4f0ed0a0dd365fbbfe.jpg
n/IMG_20221018_151722_jpg.rf.58d1c2aa66dca6d08f068c8e174c615b.jpg
n/IMG_20221018_151722_jpg.rf.b268310446fc34ddbb55fd175443033f.jpg
n/IMG_20221018_151820_1_jpg.rf.a325d30f7e50c2ffc14fdba2b7893b88.jpg
n/IMG_20221018_151820_jpg.rf.733415ecb7bb04e321e451bd83ee2be4.jpg
n/IMG_20221018_151820_jpg.rf.ca61572323f85efb883c6fb201a1b196.jpg
n/IMG_20221018_151820_jpg.rf.d0ed7d754d0a50d10fdbc16661d0a61e.jpg
n/IMG_20221018_151832_jpg.rf.7344b451f9a75243f88ac907bfa54554.jpg
n/IMG_20221018_152025_jpg.rf.3e8b9c1724518a7c213908907a7b6992.jpg
n/IMG_20221018_152025_jpg.rf.59d037c726ae4e01b2c8b2aae96c0a05.jpg
n/IMG_20221018_152025_jpg.rf.8a00147e0ae777908e64ecd81a4fb152.jpg
n/IMG_20221018_152026_1_jpg.rf.a8de8c288a1c5ab002cbde494fbda982.jpg
n/IMG_20221018_152026_jpg.rf.a6f82a7776ff263d391e90afd71c57cb.jpg
n/IMG_20221018_152026_jpg.rf.cd8d5893890037df23c3e5a2f13cc37e.jpg
n/IMG_20221018_152026_jpg.rf.ed0935fe7a8a2c21fd54b0985d32f2a9.jpg
n/IMG_20221018_152027_jpg.rf.55a4cbad90a81cda52c99872461483af.jpg
n/IMG_20221018_152027_jpg.rf.61001e1f51aceb2e6c6203b9ff03517d.jpg
n/IMG_20221018_152027_jpg.rf.e15b16b3f59bdc51656141798947dec0.jpg
n/IMG_20221018_152028_jpg.rf.027a273b9375f17647f31a115606d598.jpg
n/IMG_20221018_152028_jpg.rf.493d1446be8fc4fc98c85931ce7f25cd.jpg
n/IMG_20221018_152028_jpg.rf.ff52c8d0b092d7a8c1962db70378bb0c.jpg
n/IMG_20221018_154136_jpg.rf.0008b2a70ae9b661688fc246d371d26e.jpg
n/IMG_20221018_154136_jpg.rf.1d570c9f7c6f8c9278f09bd8c8ba600c.jpg
n/IMG_20221018_154136_jpg.rf.61b619b426231a72b5bd4b3075ce9870.jpg
n/IMG_20221018_154137_jpg.rf.01032e65a1881dd52ddd3be0dcaa0f52.jpg
n/IMG_20221018_154137_jpg.rf.44cde64228a6624dcf363d35ffbaf2b6.jpg
n/IMG_20221018_154137_jpg.rf.abdfd6851194b2b83894280773bc7a78.jpg
n/IMG_20221018_154146_jpg.rf.0512dad85e34599ed8e062c8db3d433f.jpg
n/IMG_20221018_154146_jpg.rf.22525ae564d5d04d054a831bd82fc264.jpg
n/IMG_20221018_154146_jpg.rf.d9b81e3eded69c5d305659cacf9203d7.jpg
n/IMG_20221018_154156_jpg.rf.0297e7180c7c419f4ac91531186ca5cf.jpg
n/IMG_20221018_154156_jpg.rf.26dd6acba530d44fed1d9c3f4846c192.jpg
n/IMG_20221018_154156_jpg.rf.e591d9f4fcd34eec258da8517230e04e.jpg
n/IMG_20221018_154226_jpg.rf.e02ff963cabbc441dce2c2b77ccd98e4.jpg
n/IMG_20221018_154226_jpg.rf.fa388c26e76d6cc958bd7793b18b1cee.jpg
n/IMG_20221018_154226_jpg.rf.fdfabe95e2d744d7889eff1579d8576a.jpg
n/IMG_20221018_154243_jpg.rf.a7e64b7b7387a7001e8023118d53675a.jpg
n/IMG_20221018_154243_jpg.rf.e98b2b5fad2d74f3bd1dbc1b7470a5f4.jpg
n/IMG_20221018_154243_jpg.rf.ef780ffc15f8bddfc88a4074bbb224b5.jpg
n/IMG_20221018_154250_jpg.rf.b6253113bb6ee9783ea8ecc2d40db21b.jpg
n/IMG_20221018_154250_jpg.rf.bf1beeaec4877370129a739f41f0e180.jpg
n/IMG_20221018_154250_jpg.rf.ec145839051530ace3cb48e88695831c.jpg
n/IMG_20221018_154314_jpg.rf.14b19a30ee7ba829db2c36a674cd8c9e.jpg
n/IMG_20221018_154314_jpg.rf.460282cc8cfc8b0b72b97ddec440842c.jpg
n/IMG_20221018_154314_jpg.rf.9185c87f0caa6ab518d8776e96413915.jpg
n/IMG_20221018_154554_jpg.rf.33dbf44f57125096dc7c278361e0acb4.jpg
n/IMG_20221018_154554_jpg.rf.8b6d2f5badbf709ef22efe7ba4f24df4.jpg
n/IMG_20221018_154554_jpg.rf.9f63458384733f0e1d731b689f1c0a39.jpg
n/IMG_20221018_154557_jpg.rf.3bedfb0f20d09b037ff59ec17fd0bb48.jpg
n/IMG_20221018_154557_jpg.rf.6379957cabac7471b442e4056243587f.jpg
n/IMG_20221018_154557_jpg.rf.a830299f2dbbe992d4ef15614a4437fa.jpg
n/IMG_20221018_154606_jpg.rf.5869dea9c85189e6b9c84ecbbd772ade.jpg
n/IMG_20221018_154606_jpg.rf.629c65922cba6cf203b99668bc7fd009.jpg
n/IMG_20221018_154606_jpg.rf.ad414eb88f73ff8740b061cc0b05fba5.jpg
n/IMG_20221018_154612_jpg.rf.36e1210e8f83a0390d4e2beee8c0aaab.jpg
n/IMG_20221018_154612_jpg.rf.897cd70b5547d1cb142b03aef7da98a2.jpg
n/IMG_20221018_154612_jpg.rf.bd66c664bc8ae2b60754f0e40fd5766c.jpg
n/IMG_20221018_154615_jpg.rf.6db93dfb7ddd81ba667072c54b4b6cbe.jpg
n/IMG_20221018_154615_jpg.rf.98cab97b83aa76aa01dc3f77ac50f13c.jpg
n/IMG_20221018_154615_jpg.rf.c3a3a7ebb9a34916ff5d29f7d187262f.jpg
n/IMG_20221018_154621_jpg.rf.e3aea1e5c7f534c986d3ab436f419e92.jpg
n/IMG_20221018_154624_jpg.rf.16eb322c9fe0665d6ab1d5deea2ba29c.jpg
n/IMG_20221018_154624_jpg.rf.7fdc426c823fe46ddee215434b6a42e4.jpg
n/IMG_20221018_154624_jpg.rf.d6b02772ee06d0a23ab3a6c08519dcac.jpg
n/IMG_20221018_154629_jpg.rf.337032570fb8fe4a624fcc7f3cf74c3f.jpg
n/IMG_20221018_154629_jpg.rf.3c87f16adef5433331a90f5839d9ede2.jpg
n/IMG_20221018_154629_jpg.rf.cf9b8ebadaef02e2274fa69c49e9cb14.jpg
n/IMG_20221018_154633_jpg.rf.70cc42df62cc379617e9aead5433fb74.jpg
n/IMG_20221018_154633_jpg.rf.9be6bf732e0688570f4fa193b6e96ad4.jpg
n/IMG_20221018_154633_jpg.rf.fb2776d1d36398a4740bd0d27b37acda.jpg
n/IMG_20221018_154637_jpg.rf.0c4fa1397fe9d9efb585604da5f94bbf.jpg
n/IMG_20221018_154637_jpg.rf.19d010afa74671f7f688cd918c8a12e7.jpg
n/IMG_20221018_154637_jpg.rf.7ba7c1d9d427dc4f944ce67603191fb4.jpg
n/IMG_20221018_154641_jpg.rf.381cffdccfd4e7f4f84d8552cf2b4e93.jpg
n/IMG_20221018_154641_jpg.rf.4076a1a1735accd4652b5c9681ea587f.jpg
n/IMG_20221018_154641_jpg.rf.c89b670b9cadde20cb92af571b3bf21a.jpg
n/IMG_20221018_154643_jpg.rf.17230186b5151ecc7dea0c3ce50e2638.jpg
n/IMG_20221018_154643_jpg.rf.404d38115c2b1cd36015991ac9b4beb1.jpg
n/IMG_20221018_154643_jpg.rf.dfaed2cff7098f8e9c4aaf1ccf28b6fc.jpg
n/IMG_20221018_154652_jpg.rf.15c690f151e8d6a06a1c286db8533d01.jpg
n/IMG_20221018_154652_jpg.rf.a71e9f143e97c6ab94cbdc3d56aa05ca.jpg
n/IMG_20221018_154652_jpg.rf.e3db8347b386ec3c73b6af7d35ccda89.jpg
n/IMG_20221018_154657_jpg.rf.2854e37effe2fb72afc06845a1eebda8.jpg
n/IMG_20221018_154707_jpg.rf.00cd9ddb61b8305b4f8fa2ee35fbc264.jpg
n/IMG_20221018_154707_jpg.rf.7547930d53f252e9979af9952e199e71.jpg
n/IMG_20221018_154707_jpg.rf.eaa1bd59e1d5f50ab7c96709176fa9cb.jpg
n/IMG_20221018_154711_jpg.rf.46c6e4c05b2195a33221bb25e8542254.jpg
n/IMG_20221018_154711_jpg.rf.a123055ace6193e9539b189b3325343b.jpg
n/IMG_20221018_154711_jpg.rf.be4f359220603a9a6eb81b6dd430d408.jpg
n/IMG_20221018_154714_jpg.rf.578d3dd9d61c1b9a9c737da5d294f96f.jpg
n/IMG_20221018_154714_jpg.rf.584361af1e5bd46bdbfb66010bda3bcc.jpg
n/IMG_20221018_154714_jpg.rf.7f45990a2a573a49e486300615efec8e.jpg
n/IMG_20221018_154718_jpg.rf.3dd34f69d8dfe28d120a8a3529507349.jpg
n/IMG_20221018_154723_jpg.rf.1a42e1cd26a6fb419eb0e412f1af4fc2.jpg
n/IMG_20221018_154723_jpg.rf.4bc4cbe586eed0559679adb1ea247ef6.jpg
n/IMG_20221018_154723_jpg.rf.bc3f65b96772eb49f4b771ede8ec6a2a.jpg
n/IMG_20230208_104759_jpg.rf.34a429256e3b46893f3974d45854d585.jpg
n/IMG_20230208_104817_jpg.rf.32237d71fda817990c239e295222e818.jpg
n/IMG_20230208_104817_jpg.rf.8422240bf86d34909b037442447ff07b.jpg
n/IMG_20230208_104817_jpg.rf.e3b6d972d1e9c7478cb6cf6a1bda47e1.jpg
n/IMG_20230208_104839_jpg.rf.0657135d511586f6446426a9136fc031.jpg
n/IMG_20230208_104839_jpg.rf.12a9eb98fa13e3b7344bb2d5229744d6.jpg
n/IMG_20230208_104839_jpg.rf.47c79c188f90eff6d9aab933d1d01239.jpg
n/IMG_20230208_104924_jpg.rf.339349ce1529678f6c0a80d40cf30c24.jpg
n/IMG_20230208_104924_jpg.rf.753d41a79b918e5f1b445bea61c7ad14.jpg
n/IMG_20230208_104924_jpg.rf.b371e9ecbcff6f96a14973bf2782b714.jpg
n/IMG_20230208_105001_jpg.rf.de56b208b07162ebd3317acd20178d96.jpg
n/IMG_20230208_105023_jpg.rf.5f39ca592156704cc7d476386a931b9e.jpg
n/IMG_20230208_105023_jpg.rf.da4c2ce1c5f21f231a304845bbe739f3.jpg
n/IMG_20230208_105023_jpg.rf.fd878da4f6638cbbadfa68f8a08ceb4f.jpg
n/IMG_20230223_134119_jpg.rf.09fb700bbd67457666ae200a57932c5d.jpg
n/IMG_20230223_134119_jpg.rf.a7b26ca5b53c4a1b6732b62bd15afecd.jpg
n/IMG_20230223_134119_jpg.rf.ab66e514b77156e4eae0336cef927b98.jpg
n/IMG_20230224_221500_jpg.rf.24ff181079ea882941db32aaac38b226.jpg
n/IMG_20230224_221500_jpg.rf.6f496408b7fa07a4a00e98a5aab0a709.jpg
n/IMG_20230224_221500_jpg.rf.a64f299e9b79ffd0c69d03821bef9d63.jpg
n/IMG_20230224_221502_jpg.rf.097400cb05a6d9238f7b25a7f4c68b82.jpg
n/IMG_20230224_221502_jpg.rf.73d6b4f8b3fe697b078cb7663e6a19b0.jpg
n/IMG_20230225_191954_jpg.rf.437d5c141fe260947e4baacc1c7de28f.jpg
n/WIN_20230209_15_48_34_Pro_jpg.rf.1e1fbabcf245e139d4b87ca1cbda8bf7.jpg
n/WIN_20230209_15_50_35_Pro_jpg.rf.b79d0b5b5804f5efb79ad0eecbd09a18.jpg